<?xml version="1.0" encoding="UTF-8"?>
<!-- Generated by org.testng.reporters.JUnitXMLReporter -->
<testsuite hostname="Sada" ignored="0" name="Test" tests="3" failures="0" timestamp="07 Dec 2018 07:59:57 GMT" time="42.004" errors="0">
  <testcase name="LoginPageTitleTest" time="0.041" classname="com.Erp.qa.TestCases.LoginPageTest"/>
  <testcase name="LoginPageCrmImageTest" time="0.08" classname="com.Erp.qa.TestCases.LoginPageTest"/>
  <testcase name="loginTest" time="5.58" classname="com.Erp.qa.TestCases.LoginPageTest"/>
</testsuite> <!-- Test -->
